[26-Oct-2024 10:40:29 UTC] PHP Warning:  require_once(/home1/bdpnfate/public_html/website_5d9f43e4/wp-content/themes/new new streamlab/inc/class-wp-bootstrap-navwalker.php): Failed to open stream: No such file or directory in /home1/bdpnfate/public_html/website_5d9f43e4/wp-content/themes/new new streamlab/functions.php on line 46
[26-Oct-2024 10:40:29 UTC] PHP Fatal error:  Uncaught Error: Failed opening required '/home1/bdpnfate/public_html/website_5d9f43e4/wp-content/themes/new new streamlab/inc/class-wp-bootstrap-navwalker.php' (include_path='.:/opt/cpanel/ea-php83/root/usr/share/pear') in /home1/bdpnfate/public_html/website_5d9f43e4/wp-content/themes/new new streamlab/functions.php:46
Stack trace:
#0 /home1/bdpnfate/public_html/website_5d9f43e4/wp-settings.php(668): include()
#1 /home1/bdpnfate/public_html/website_5d9f43e4/wp-config.php(113): require_once('/home1/bdpnfate...')
#2 /home1/bdpnfate/public_html/website_5d9f43e4/wp-load.php(50): require_once('/home1/bdpnfate...')
#3 /home1/bdpnfate/public_html/website_5d9f43e4/wp-admin/admin.php(34): require_once('/home1/bdpnfate...')
#4 /home1/bdpnfate/public_html/website_5d9f43e4/wp-admin/themes.php(10): require_once('/home1/bdpnfate...')
#5 {main}
  thrown in /home1/bdpnfate/public_html/website_5d9f43e4/wp-content/themes/new new streamlab/functions.php on line 46
[26-Oct-2024 11:02:14 UTC] PHP Warning:  require_once(/home1/bdpnfate/public_html/website_5d9f43e4/wp-content/themes/new new streamlab/inc/class-wp-bootstrap-navwalker.php): Failed to open stream: No such file or directory in /home1/bdpnfate/public_html/website_5d9f43e4/wp-content/themes/new new streamlab/functions.php on line 46
[26-Oct-2024 11:02:14 UTC] PHP Fatal error:  Uncaught Error: Failed opening required '/home1/bdpnfate/public_html/website_5d9f43e4/wp-content/themes/new new streamlab/inc/class-wp-bootstrap-navwalker.php' (include_path='.:/opt/cpanel/ea-php83/root/usr/share/pear') in /home1/bdpnfate/public_html/website_5d9f43e4/wp-content/themes/new new streamlab/functions.php:46
Stack trace:
#0 /home1/bdpnfate/public_html/website_5d9f43e4/wp-settings.php(668): include()
#1 /home1/bdpnfate/public_html/website_5d9f43e4/wp-config.php(113): require_once('/home1/bdpnfate...')
#2 /home1/bdpnfate/public_html/website_5d9f43e4/wp-load.php(50): require_once('/home1/bdpnfate...')
#3 /home1/bdpnfate/public_html/website_5d9f43e4/wp-admin/admin.php(34): require_once('/home1/bdpnfate...')
#4 /home1/bdpnfate/public_html/website_5d9f43e4/wp-admin/themes.php(10): require_once('/home1/bdpnfate...')
#5 {main}
  thrown in /home1/bdpnfate/public_html/website_5d9f43e4/wp-content/themes/new new streamlab/functions.php on line 46
[26-Oct-2024 11:02:14 UTC] PHP Warning:  require_once(/home1/bdpnfate/public_html/website_5d9f43e4/wp-content/themes/new new streamlab/inc/class-wp-bootstrap-navwalker.php): Failed to open stream: No such file or directory in /home1/bdpnfate/public_html/website_5d9f43e4/wp-content/themes/new new streamlab/functions.php on line 46
[26-Oct-2024 11:02:14 UTC] PHP Fatal error:  Uncaught Error: Failed opening required '/home1/bdpnfate/public_html/website_5d9f43e4/wp-content/themes/new new streamlab/inc/class-wp-bootstrap-navwalker.php' (include_path='.:/opt/cpanel/ea-php83/root/usr/share/pear') in /home1/bdpnfate/public_html/website_5d9f43e4/wp-content/themes/new new streamlab/functions.php:46
Stack trace:
#0 /home1/bdpnfate/public_html/website_5d9f43e4/wp-settings.php(668): include()
#1 /home1/bdpnfate/public_html/website_5d9f43e4/wp-config.php(113): require_once('/home1/bdpnfate...')
#2 /home1/bdpnfate/public_html/website_5d9f43e4/wp-load.php(50): require_once('/home1/bdpnfate...')
#3 /home1/bdpnfate/public_html/website_5d9f43e4/wp-blog-header.php(13): require_once('/home1/bdpnfate...')
#4 /home1/bdpnfate/public_html/website_5d9f43e4/index.php(17): require('/home1/bdpnfate...')
#5 {main}
  thrown in /home1/bdpnfate/public_html/website_5d9f43e4/wp-content/themes/new new streamlab/functions.php on line 46
[26-Oct-2024 11:09:22 UTC] PHP Parse error:  syntax error, unexpected token "<", expecting end of file in /home1/bdpnfate/public_html/website_5d9f43e4/wp-content/themes/new new streamlab/footer.php on line 2
[26-Oct-2024 11:09:27 UTC] PHP Parse error:  syntax error, unexpected token "<", expecting end of file in /home1/bdpnfate/public_html/website_5d9f43e4/wp-content/themes/new new streamlab/footer.php on line 2
[26-Oct-2024 11:09:27 UTC] PHP Parse error:  syntax error, unexpected token "<", expecting end of file in /home1/bdpnfate/public_html/website_5d9f43e4/wp-content/themes/new new streamlab/footer.php on line 2
[26-Oct-2024 11:09:27 UTC] PHP Parse error:  syntax error, unexpected token "<", expecting end of file in /home1/bdpnfate/public_html/website_5d9f43e4/wp-content/themes/new new streamlab/footer.php on line 2
[26-Oct-2024 11:09:27 UTC] PHP Parse error:  syntax error, unexpected token "<", expecting end of file in /home1/bdpnfate/public_html/website_5d9f43e4/wp-content/themes/new new streamlab/footer.php on line 2
[26-Oct-2024 11:09:27 UTC] PHP Parse error:  syntax error, unexpected token "<", expecting end of file in /home1/bdpnfate/public_html/website_5d9f43e4/wp-content/themes/new new streamlab/footer.php on line 2
[26-Oct-2024 11:09:27 UTC] PHP Parse error:  syntax error, unexpected token "<", expecting end of file in /home1/bdpnfate/public_html/website_5d9f43e4/wp-content/themes/new new streamlab/footer.php on line 2
[26-Oct-2024 11:09:27 UTC] PHP Parse error:  syntax error, unexpected token "<", expecting end of file in /home1/bdpnfate/public_html/website_5d9f43e4/wp-content/themes/new new streamlab/footer.php on line 2
[26-Oct-2024 11:09:28 UTC] PHP Parse error:  syntax error, unexpected token "<", expecting end of file in /home1/bdpnfate/public_html/website_5d9f43e4/wp-content/themes/new new streamlab/footer.php on line 2
[26-Oct-2024 11:09:28 UTC] PHP Parse error:  syntax error, unexpected token "<", expecting end of file in /home1/bdpnfate/public_html/website_5d9f43e4/wp-content/themes/new new streamlab/footer.php on line 2
[26-Oct-2024 11:09:28 UTC] PHP Parse error:  syntax error, unexpected token "<", expecting end of file in /home1/bdpnfate/public_html/website_5d9f43e4/wp-content/themes/new new streamlab/footer.php on line 2
[26-Oct-2024 11:09:28 UTC] PHP Parse error:  syntax error, unexpected token "<", expecting end of file in /home1/bdpnfate/public_html/website_5d9f43e4/wp-content/themes/new new streamlab/footer.php on line 2
[26-Oct-2024 11:09:28 UTC] PHP Parse error:  syntax error, unexpected token "<", expecting end of file in /home1/bdpnfate/public_html/website_5d9f43e4/wp-content/themes/new new streamlab/footer.php on line 2
[26-Oct-2024 11:09:28 UTC] PHP Parse error:  syntax error, unexpected token "<", expecting end of file in /home1/bdpnfate/public_html/website_5d9f43e4/wp-content/themes/new new streamlab/footer.php on line 2
[26-Oct-2024 11:09:28 UTC] PHP Parse error:  syntax error, unexpected token "<", expecting end of file in /home1/bdpnfate/public_html/website_5d9f43e4/wp-content/themes/new new streamlab/footer.php on line 2
[26-Oct-2024 11:09:28 UTC] PHP Parse error:  syntax error, unexpected token "<", expecting end of file in /home1/bdpnfate/public_html/website_5d9f43e4/wp-content/themes/new new streamlab/footer.php on line 2
[26-Oct-2024 11:09:29 UTC] PHP Parse error:  syntax error, unexpected token "<", expecting end of file in /home1/bdpnfate/public_html/website_5d9f43e4/wp-content/themes/new new streamlab/footer.php on line 2
[26-Oct-2024 11:09:29 UTC] PHP Parse error:  syntax error, unexpected token "<", expecting end of file in /home1/bdpnfate/public_html/website_5d9f43e4/wp-content/themes/new new streamlab/footer.php on line 2
[26-Oct-2024 11:09:29 UTC] PHP Parse error:  syntax error, unexpected token "<", expecting end of file in /home1/bdpnfate/public_html/website_5d9f43e4/wp-content/themes/new new streamlab/footer.php on line 2
[26-Oct-2024 11:09:29 UTC] PHP Parse error:  syntax error, unexpected token "<", expecting end of file in /home1/bdpnfate/public_html/website_5d9f43e4/wp-content/themes/new new streamlab/footer.php on line 2
[26-Oct-2024 11:09:29 UTC] PHP Parse error:  syntax error, unexpected token "<", expecting end of file in /home1/bdpnfate/public_html/website_5d9f43e4/wp-content/themes/new new streamlab/footer.php on line 2
[26-Oct-2024 11:09:29 UTC] PHP Parse error:  syntax error, unexpected token "<", expecting end of file in /home1/bdpnfate/public_html/website_5d9f43e4/wp-content/themes/new new streamlab/footer.php on line 2
[26-Oct-2024 11:09:29 UTC] PHP Parse error:  syntax error, unexpected token "<", expecting end of file in /home1/bdpnfate/public_html/website_5d9f43e4/wp-content/themes/new new streamlab/footer.php on line 2
[26-Oct-2024 11:09:29 UTC] PHP Parse error:  syntax error, unexpected token "<", expecting end of file in /home1/bdpnfate/public_html/website_5d9f43e4/wp-content/themes/new new streamlab/footer.php on line 2
[26-Oct-2024 11:09:29 UTC] PHP Parse error:  syntax error, unexpected token "<", expecting end of file in /home1/bdpnfate/public_html/website_5d9f43e4/wp-content/themes/new new streamlab/footer.php on line 2
[26-Oct-2024 11:09:29 UTC] PHP Parse error:  syntax error, unexpected token "<", expecting end of file in /home1/bdpnfate/public_html/website_5d9f43e4/wp-content/themes/new new streamlab/footer.php on line 2
[26-Oct-2024 11:09:29 UTC] PHP Parse error:  syntax error, unexpected token "<", expecting end of file in /home1/bdpnfate/public_html/website_5d9f43e4/wp-content/themes/new new streamlab/footer.php on line 2
[26-Oct-2024 11:09:29 UTC] PHP Parse error:  syntax error, unexpected token "<", expecting end of file in /home1/bdpnfate/public_html/website_5d9f43e4/wp-content/themes/new new streamlab/footer.php on line 2
[26-Oct-2024 11:09:29 UTC] PHP Parse error:  syntax error, unexpected token "<", expecting end of file in /home1/bdpnfate/public_html/website_5d9f43e4/wp-content/themes/new new streamlab/footer.php on line 2
[26-Oct-2024 11:09:29 UTC] PHP Parse error:  syntax error, unexpected token "<", expecting end of file in /home1/bdpnfate/public_html/website_5d9f43e4/wp-content/themes/new new streamlab/footer.php on line 2
[26-Oct-2024 11:09:29 UTC] PHP Parse error:  syntax error, unexpected token "<", expecting end of file in /home1/bdpnfate/public_html/website_5d9f43e4/wp-content/themes/new new streamlab/footer.php on line 2
[26-Oct-2024 11:09:29 UTC] PHP Parse error:  syntax error, unexpected token "<", expecting end of file in /home1/bdpnfate/public_html/website_5d9f43e4/wp-content/themes/new new streamlab/footer.php on line 2
[26-Oct-2024 11:09:29 UTC] PHP Parse error:  syntax error, unexpected token "<", expecting end of file in /home1/bdpnfate/public_html/website_5d9f43e4/wp-content/themes/new new streamlab/footer.php on line 2
[26-Oct-2024 11:09:30 UTC] PHP Parse error:  syntax error, unexpected token "<", expecting end of file in /home1/bdpnfate/public_html/website_5d9f43e4/wp-content/themes/new new streamlab/footer.php on line 2
[26-Oct-2024 11:09:30 UTC] PHP Parse error:  syntax error, unexpected token "<", expecting end of file in /home1/bdpnfate/public_html/website_5d9f43e4/wp-content/themes/new new streamlab/footer.php on line 2
[26-Oct-2024 11:13:41 UTC] PHP Fatal error:  Uncaught Error: Failed opening required '/home1/bdpnfate/public_html/website_5d9f43e4/wp-content/themes/new new streamlab/inc/class-wp-bootstrap-navwalker.php' (include_path='.:/opt/cpanel/ea-php83/root/usr/share/pear') in /home1/bdpnfate/public_html/website_5d9f43e4/wp-content/themes/new new streamlab/functions.php:46
Stack trace:
#0 /home1/bdpnfate/public_html/website_5d9f43e4/wp-settings.php(668): include()
#1 /home1/bdpnfate/public_html/website_5d9f43e4/wp-config.php(113): require_once('/home1/bdpnfate...')
#2 /home1/bdpnfate/public_html/website_5d9f43e4/wp-load.php(50): require_once('/home1/bdpnfate...')
#3 /home1/bdpnfate/public_html/website_5d9f43e4/wp-admin/admin-ajax.php(22): require_once('/home1/bdpnfate...')
#4 {main}
  thrown in /home1/bdpnfate/public_html/website_5d9f43e4/wp-content/themes/new new streamlab/functions.php on line 46
[26-Oct-2024 11:14:19 UTC] PHP Fatal error:  Uncaught Error: Failed opening required '/home1/bdpnfate/public_html/website_5d9f43e4/wp-content/themes/new new streamlab/inc/class-wp-bootstrap-navwalker.php' (include_path='.:/opt/cpanel/ea-php83/root/usr/share/pear') in /home1/bdpnfate/public_html/website_5d9f43e4/wp-content/themes/new new streamlab/functions.php:46
Stack trace:
#0 /home1/bdpnfate/public_html/website_5d9f43e4/wp-settings.php(668): include()
#1 /home1/bdpnfate/public_html/website_5d9f43e4/wp-config.php(113): require_once('/home1/bdpnfate...')
#2 /home1/bdpnfate/public_html/website_5d9f43e4/wp-load.php(50): require_once('/home1/bdpnfate...')
#3 /home1/bdpnfate/public_html/website_5d9f43e4/wp-admin/admin.php(34): require_once('/home1/bdpnfate...')
#4 /home1/bdpnfate/public_html/website_5d9f43e4/wp-admin/themes.php(10): require_once('/home1/bdpnfate...')
#5 {main}
  thrown in /home1/bdpnfate/public_html/website_5d9f43e4/wp-content/themes/new new streamlab/functions.php on line 46
[26-Oct-2024 11:14:20 UTC] PHP Fatal error:  Uncaught Error: Failed opening required '/home1/bdpnfate/public_html/website_5d9f43e4/wp-content/themes/new new streamlab/inc/class-wp-bootstrap-navwalker.php' (include_path='.:/opt/cpanel/ea-php83/root/usr/share/pear') in /home1/bdpnfate/public_html/website_5d9f43e4/wp-content/themes/new new streamlab/functions.php:46
Stack trace:
#0 /home1/bdpnfate/public_html/website_5d9f43e4/wp-settings.php(668): include()
#1 /home1/bdpnfate/public_html/website_5d9f43e4/wp-config.php(113): require_once('/home1/bdpnfate...')
#2 /home1/bdpnfate/public_html/website_5d9f43e4/wp-load.php(50): require_once('/home1/bdpnfate...')
#3 /home1/bdpnfate/public_html/website_5d9f43e4/wp-blog-header.php(13): require_once('/home1/bdpnfate...')
#4 /home1/bdpnfate/public_html/website_5d9f43e4/index.php(17): require('/home1/bdpnfate...')
#5 {main}
  thrown in /home1/bdpnfate/public_html/website_5d9f43e4/wp-content/themes/new new streamlab/functions.php on line 46
[26-Oct-2024 11:22:24 UTC] PHP Parse error:  syntax error, unexpected token "<", expecting end of file in /home1/bdpnfate/public_html/website_5d9f43e4/wp-content/themes/new new streamlab/footer.php on line 2
